2016-02-01 08:31:09  [ qtp1730315801-20:1 ] - [ INFO ]  Nutz is licensed under the Apache License, Version 2.0 .
Report bugs : https://github.com/nutzam/nutz/issues
2016-02-01 08:32:41  [ qtp1879825060-19:0 ] - [ INFO ]  Nutz is licensed under the Apache License, Version 2.0 .
Report bugs : https://github.com/nutzam/nutz/issues
2016-02-01 08:34:57  [ qtp1081432147-19:0 ] - [ INFO ]  Nutz is licensed under the Apache License, Version 2.0 .
Report bugs : https://github.com/nutzam/nutz/issues
2016-02-01 08:34:58  [ qtp1081432147-19:729 ] - [ DEBUG ]  Using 91 castor for Castors
2016-02-01 08:34:58  [ qtp1081432147-19:746 ] - [ INFO ]  Init file-pool by: /Users/wsdevotion/.nutz/tmp/dao/ [200000]
2016-02-01 08:34:58  [ qtp1081432147-19:746 ] - [ DEBUG ]  file-pool.home: '/Users/wsdevotion/.nutz/tmp/dao'
2016-02-01 08:34:58  [ qtp1081432147-19:747 ] - [ INFO ]  file-pool.cursor: 0
2016-02-01 08:34:58  [ qtp1081432147-19:757 ] - [ DEBUG ]  Jdbcs init complete
2016-02-01 08:34:58  [ qtp1081432147-19:758 ] - [ INFO ]  Get Connection from DataSource for JdbcExpert
2016-02-01 08:34:58  [ qtp1081432147-19:773 ] - [ DEBUG ]  JDBC Driver --> mysql-connector-java-5.1.36 ( Revision: 4fc1f969f740409a4e03750316df2c0e429f3dc8 )
2016-02-01 08:34:58  [ qtp1081432147-19:773 ] - [ DEBUG ]  JDBC Name   --> MySQL Connector Java
2016-02-01 08:34:58  [ qtp1081432147-19:775 ] - [ DEBUG ]  Database info --> MYSQL:[MySQL - 5.6.26]
2016-02-01 08:34:58  [ qtp1081432147-19:944 ] - [ DEBUG ]  SELECT * FROM user_table  WHERE user_phone=?
    |           1 |
    |-------------|
    | 12312312313 |
  For example:> "SELECT * FROM user_table  WHERE user_phone='12312312313'"
2016-02-01 08:35:19  [ qtp1081432147-20:22520 ] - [ DEBUG ]  SELECT * FROM comments_table  WHERE comment_id=?
    | 1 |
    |---|
    | 1 |
  For example:> "SELECT * FROM comments_table  WHERE comment_id=1"
2016-02-01 08:35:19  [ qtp1081432147-20:22529 ] - [ DEBUG ]  SELECT * FROM user_table  WHERE user_phone=?
    |           1 |
    |-------------|
    | 12312312313 |
  For example:> "SELECT * FROM user_table  WHERE user_phone='12312312313'"
2016-02-01 08:35:20  [ qtp1081432147-20:22561 ] - [ DEBUG ]  INSERT INTO reply_table(reply_content,reply_comment_id,reply_time,reply_author_name,reply_author_id) VALUES(?,?,?,?,?) 
    |   1 | 2 |             3 |   4 | 5 |
    |-----|---|---------------|-----|---|
    | 123 | 1 | 1454286920004 | wer | 3 |
  For example:> "INSERT INTO reply_table(reply_content,reply_comment_id,reply_time,reply_author_name,reply_author_id) VALUES('123',1,'1454286920004','wer',3) "
2016-02-01 08:35:20  [ qtp1081432147-20:22573 ] - [ DEBUG ]  SELECT @@IDENTITY
2016-02-01 08:35:20  [ qtp1081432147-20:22582 ] - [ DEBUG ]  INSERT INTO info_table(info_pub_time,info_status,info_type,info_comment_id) VALUES(?,?,?,?) 
    |             1 | 2 | 3 | 4 |
    |---------------|---|---|---|
    | 1454286920044 | 1 | 1 | 1 |
  For example:> "INSERT INTO info_table(info_pub_time,info_status,info_type,info_comment_id) VALUES('1454286920044',1,1,1) "
2016-02-01 08:35:20  [ qtp1081432147-20:22586 ] - [ DEBUG ]  SELECT @@IDENTITY
2016-02-01 14:49:10  [ qtp971459397-20:0 ] - [ INFO ]  Nutz is licensed under the Apache License, Version 2.0 .
Report bugs : https://github.com/nutzam/nutz/issues
2016-02-01 14:49:10  [ qtp971459397-20:438 ] - [ DEBUG ]  Using 91 castor for Castors
2016-02-01 14:49:10  [ qtp971459397-20:448 ] - [ INFO ]  Init file-pool by: /Users/wsdevotion/.nutz/tmp/dao/ [200000]
2016-02-01 14:49:10  [ qtp971459397-20:449 ] - [ DEBUG ]  file-pool.home: '/Users/wsdevotion/.nutz/tmp/dao'
2016-02-01 14:49:10  [ qtp971459397-20:451 ] - [ INFO ]  file-pool.cursor: 0
2016-02-01 14:49:10  [ qtp971459397-20:457 ] - [ DEBUG ]  Jdbcs init complete
2016-02-01 14:49:10  [ qtp971459397-20:457 ] - [ INFO ]  Get Connection from DataSource for JdbcExpert
2016-02-01 14:49:10  [ qtp971459397-20:467 ] - [ DEBUG ]  JDBC Driver --> mysql-connector-java-5.1.36 ( Revision: 4fc1f969f740409a4e03750316df2c0e429f3dc8 )
2016-02-01 14:49:10  [ qtp971459397-20:467 ] - [ DEBUG ]  JDBC Name   --> MySQL Connector Java
2016-02-01 14:49:10  [ qtp971459397-20:468 ] - [ DEBUG ]  Database info --> MYSQL:[MySQL - 5.6.26]
2016-02-01 14:52:00  [ qtp1338866684-21:0 ] - [ INFO ]  Nutz is licensed under the Apache License, Version 2.0 .
Report bugs : https://github.com/nutzam/nutz/issues
2016-02-01 14:52:01  [ qtp1338866684-21:480 ] - [ DEBUG ]  Using 91 castor for Castors
2016-02-01 14:52:01  [ qtp1338866684-21:495 ] - [ INFO ]  Init file-pool by: /Users/wsdevotion/.nutz/tmp/dao/ [200000]
2016-02-01 14:52:01  [ qtp1338866684-21:495 ] - [ DEBUG ]  file-pool.home: '/Users/wsdevotion/.nutz/tmp/dao'
2016-02-01 14:52:01  [ qtp1338866684-21:496 ] - [ INFO ]  file-pool.cursor: 0
2016-02-01 14:52:01  [ qtp1338866684-21:504 ] - [ DEBUG ]  Jdbcs init complete
2016-02-01 14:52:01  [ qtp1338866684-21:504 ] - [ INFO ]  Get Connection from DataSource for JdbcExpert
2016-02-01 14:52:01  [ qtp1338866684-21:515 ] - [ DEBUG ]  JDBC Driver --> mysql-connector-java-5.1.36 ( Revision: 4fc1f969f740409a4e03750316df2c0e429f3dc8 )
2016-02-01 14:52:01  [ qtp1338866684-21:515 ] - [ DEBUG ]  JDBC Name   --> MySQL Connector Java
2016-02-01 14:52:01  [ qtp1338866684-21:516 ] - [ DEBUG ]  Database info --> MYSQL:[MySQL - 5.6.26]
2016-02-01 14:53:52  [ qtp420990793-19:0 ] - [ INFO ]  Nutz is licensed under the Apache License, Version 2.0 .
Report bugs : https://github.com/nutzam/nutz/issues
2016-02-01 14:53:52  [ qtp420990793-19:514 ] - [ DEBUG ]  Using 91 castor for Castors
2016-02-01 14:53:52  [ qtp420990793-19:527 ] - [ INFO ]  Init file-pool by: /Users/wsdevotion/.nutz/tmp/dao/ [200000]
2016-02-01 14:53:52  [ qtp420990793-19:528 ] - [ DEBUG ]  file-pool.home: '/Users/wsdevotion/.nutz/tmp/dao'
2016-02-01 14:53:52  [ qtp420990793-19:529 ] - [ INFO ]  file-pool.cursor: 0
2016-02-01 14:53:52  [ qtp420990793-19:538 ] - [ DEBUG ]  Jdbcs init complete
2016-02-01 14:53:52  [ qtp420990793-19:539 ] - [ INFO ]  Get Connection from DataSource for JdbcExpert
2016-02-01 14:53:52  [ qtp420990793-19:553 ] - [ DEBUG ]  JDBC Driver --> mysql-connector-java-5.1.36 ( Revision: 4fc1f969f740409a4e03750316df2c0e429f3dc8 )
2016-02-01 14:53:52  [ qtp420990793-19:554 ] - [ DEBUG ]  JDBC Name   --> MySQL Connector Java
2016-02-01 14:53:52  [ qtp420990793-19:555 ] - [ DEBUG ]  Database info --> MYSQL:[MySQL - 5.6.26]
2016-02-01 14:53:52  [ qtp420990793-19:638 ] - [ DEBUG ]  SELECT * FROM user_table  WHERE user_phone=?
    |           1 |
    |-------------|
    | 12312312313 |
  For example:> "SELECT * FROM user_table  WHERE user_phone='12312312313'"
2016-02-01 14:54:02  [ qtp420990793-20:9734 ] - [ DEBUG ]  SELECT * FROM user_table  WHERE user_phone=?
    |           1 |
    |-------------|
    | 12312312313 |
  For example:> "SELECT * FROM user_table  WHERE user_phone='12312312313'"
2016-02-01 14:54:29  [ qtp1975812499-21:0 ] - [ INFO ]  Nutz is licensed under the Apache License, Version 2.0 .
Report bugs : https://github.com/nutzam/nutz/issues
2016-02-01 14:54:30  [ qtp1975812499-21:656 ] - [ DEBUG ]  Using 91 castor for Castors
2016-02-01 14:54:30  [ qtp1975812499-21:678 ] - [ INFO ]  Init file-pool by: /Users/wsdevotion/.nutz/tmp/dao/ [200000]
2016-02-01 14:54:30  [ qtp1975812499-21:678 ] - [ DEBUG ]  file-pool.home: '/Users/wsdevotion/.nutz/tmp/dao'
2016-02-01 14:54:30  [ qtp1975812499-21:679 ] - [ INFO ]  file-pool.cursor: 0
2016-02-01 14:54:30  [ qtp1975812499-21:687 ] - [ DEBUG ]  Jdbcs init complete
2016-02-01 14:54:30  [ qtp1975812499-21:687 ] - [ INFO ]  Get Connection from DataSource for JdbcExpert
2016-02-01 14:54:30  [ qtp1975812499-21:699 ] - [ DEBUG ]  JDBC Driver --> mysql-connector-java-5.1.36 ( Revision: 4fc1f969f740409a4e03750316df2c0e429f3dc8 )
2016-02-01 14:54:30  [ qtp1975812499-21:699 ] - [ DEBUG ]  JDBC Name   --> MySQL Connector Java
2016-02-01 14:54:30  [ qtp1975812499-21:700 ] - [ DEBUG ]  Database info --> MYSQL:[MySQL - 5.6.26]
2016-02-01 14:54:30  [ qtp1975812499-21:782 ] - [ DEBUG ]  SELECT * FROM user_table  WHERE user_phone=?
    |           1 |
    |-------------|
    | 12312312313 |
  For example:> "SELECT * FROM user_table  WHERE user_phone='12312312313'"
2016-02-01 14:54:45  [ qtp1975812499-22:16007 ] - [ DEBUG ]  SELECT * FROM user_table  WHERE user_phone=?
    |           1 |
    |-------------|
    | 12312312313 |
  For example:> "SELECT * FROM user_table  WHERE user_phone='12312312313'"
2016-02-01 14:54:53  [ qtp1975812499-23:24065 ] - [ DEBUG ]  SELECT * FROM user_table  WHERE user_phone=?
    |           1 |
    |-------------|
    | 12312312313 |
  For example:> "SELECT * FROM user_table  WHERE user_phone='12312312313'"
2016-02-01 14:55:47  [ qtp1975812499-24:77343 ] - [ DEBUG ]  SELECT * FROM user_table  WHERE user_phone=?
    |           1 |
    |-------------|
    | 12312312319 |
  For example:> "SELECT * FROM user_table  WHERE user_phone='12312312319'"
2016-02-01 14:55:47  [ qtp1975812499-24:77369 ] - [ DEBUG ]  INSERT INTO user_table(user_phone,user_head_img,user_name,user_password,user_reg_time,user_sex,user_age,user_followed_lable_ids,user_liked_article_ids,user_liked_project_ids,user_supported_comment_ids,user_ordered_ids,user_address) VALUES(?,?,?,?,?,?,?,?,?,?,?,?,?) 
    |           1 |                                        2 |      3 |                                4 |             5 | 6 |  7 |    8 |    9 |   10 |   11 |   12 |   13 |
    |-------------|------------------------------------------|--------|----------------------------------|---------------|---|----|------|------|------|------|------|------|
    | 12312312319 | 7e0ed8b2-fd2d-4557-87ed-5d8a8bd4f052.jpg | robot3 | DC01E7A2757F9838137FA8906527016D | 1454309747042 | 1 | 30 | NULL | NULL | NULL | NULL | NULL | NULL |
  For example:> "INSERT INTO user_table(user_phone,user_head_img,user_name,user_password,user_reg_time,user_sex,user_age,user_followed_lable_ids,user_liked_article_ids,user_liked_project_ids,user_supported_comment_ids,user_ordered_ids,user_address) VALUES('12312312319','7e0ed8b2-fd2d-4557-87ed-5d8a8bd4f052.jpg','robot3','DC01E7A2757F9838137FA8906527016D','1454309747042',1,30,NULL,NULL,NULL,NULL,NULL,NULL) "
2016-02-01 14:55:47  [ qtp1975812499-24:77376 ] - [ DEBUG ]  SELECT @@IDENTITY
2016-02-01 14:56:04  [ qtp1975812499-23:94550 ] - [ DEBUG ]  SELECT * FROM user_table  WHERE user_phone=?
    |           1 |
    |-------------|
    | 12312312317 |
  For example:> "SELECT * FROM user_table  WHERE user_phone='12312312317'"
2016-02-01 14:56:34  [ qtp1975812499-25:124636 ] - [ DEBUG ]  SELECT * FROM user_table  WHERE user_phone=?
    |           1 |
    |-------------|
    | 12312312319 |
  For example:> "SELECT * FROM user_table  WHERE user_phone='12312312319'"
2016-02-01 14:57:06  [ qtp1975812499-23:156617 ] - [ DEBUG ]  SELECT * FROM user_table  WHERE user_phone=?
    |           1 |
    |-------------|
    | 12312312319 |
  For example:> "SELECT * FROM user_table  WHERE user_phone='12312312319'"
2016-02-01 15:00:20  [ qtp971459397-20:0 ] - [ INFO ]  Nutz is licensed under the Apache License, Version 2.0 .
Report bugs : https://github.com/nutzam/nutz/issues
2016-02-01 15:00:20  [ qtp971459397-20:397 ] - [ DEBUG ]  Using 91 castor for Castors
2016-02-01 15:00:20  [ qtp971459397-20:405 ] - [ INFO ]  Init file-pool by: /Users/wsdevotion/.nutz/tmp/dao/ [200000]
2016-02-01 15:00:20  [ qtp971459397-20:406 ] - [ DEBUG ]  file-pool.home: '/Users/wsdevotion/.nutz/tmp/dao'
2016-02-01 15:00:20  [ qtp971459397-20:406 ] - [ INFO ]  file-pool.cursor: 0
2016-02-01 15:00:20  [ qtp971459397-20:413 ] - [ DEBUG ]  Jdbcs init complete
2016-02-01 15:00:20  [ qtp971459397-20:413 ] - [ INFO ]  Get Connection from DataSource for JdbcExpert
2016-02-01 15:00:20  [ qtp971459397-20:422 ] - [ DEBUG ]  JDBC Driver --> mysql-connector-java-5.1.36 ( Revision: 4fc1f969f740409a4e03750316df2c0e429f3dc8 )
2016-02-01 15:00:20  [ qtp971459397-20:422 ] - [ DEBUG ]  JDBC Name   --> MySQL Connector Java
2016-02-01 15:00:20  [ qtp971459397-20:423 ] - [ DEBUG ]  Database info --> MYSQL:[MySQL - 5.6.26]
2016-02-01 15:00:20  [ qtp971459397-20:483 ] - [ DEBUG ]  SELECT * FROM user_table  WHERE user_phone=?
    |           1 |
    |-------------|
    | 12312312319 |
  For example:> "SELECT * FROM user_table  WHERE user_phone='12312312319'"
2016-02-01 15:02:38  [ qtp1948206972-19:0 ] - [ INFO ]  Nutz is licensed under the Apache License, Version 2.0 .
Report bugs : https://github.com/nutzam/nutz/issues
2016-02-01 15:02:39  [ qtp1948206972-19:603 ] - [ DEBUG ]  Using 91 castor for Castors
2016-02-01 15:02:39  [ qtp1948206972-19:617 ] - [ INFO ]  Init file-pool by: /Users/wsdevotion/.nutz/tmp/dao/ [200000]
2016-02-01 15:02:39  [ qtp1948206972-19:617 ] - [ DEBUG ]  file-pool.home: '/Users/wsdevotion/.nutz/tmp/dao'
2016-02-01 15:02:39  [ qtp1948206972-19:618 ] - [ INFO ]  file-pool.cursor: 0
2016-02-01 15:02:39  [ qtp1948206972-19:627 ] - [ DEBUG ]  Jdbcs init complete
2016-02-01 15:02:39  [ qtp1948206972-19:627 ] - [ INFO ]  Get Connection from DataSource for JdbcExpert
2016-02-01 15:02:39  [ qtp1948206972-19:640 ] - [ DEBUG ]  JDBC Driver --> mysql-connector-java-5.1.36 ( Revision: 4fc1f969f740409a4e03750316df2c0e429f3dc8 )
2016-02-01 15:02:39  [ qtp1948206972-19:641 ] - [ DEBUG ]  JDBC Name   --> MySQL Connector Java
2016-02-01 15:02:39  [ qtp1948206972-19:642 ] - [ DEBUG ]  Database info --> MYSQL:[MySQL - 5.6.26]
2016-02-01 15:02:39  [ qtp1948206972-19:717 ] - [ DEBUG ]  SELECT * FROM user_table  WHERE user_phone=?
    |           1 |
    |-------------|
    | 12312312319 |
  For example:> "SELECT * FROM user_table  WHERE user_phone='12312312319'"
2016-02-01 15:02:43  [ qtp1948206972-20:4679 ] - [ INFO ]  Exception =>>>>>>>>>>com.alibaba.fastjson.JSONException: syntax error, position at 0, name user_head_img
2016-02-01 15:02:48  [ qtp1948206972-21:9910 ] - [ INFO ]  Exception =>>>>>>>>>>com.alibaba.fastjson.JSONException: syntax error, position at 0, name user_head_img
2016-02-01 15:04:15  [ qtp1948206972-22:97431 ] - [ INFO ]  Exception =>>>>>>>>>>com.alibaba.fastjson.JSONException: syntax error, position at 0, name user_head_img
2016-02-01 15:04:27  [ qtp1948206972-23:109334 ] - [ INFO ]  Exception =>>>>>>>>>>java.lang.NullPointerException
2016-02-01 15:06:49  [ qtp1948206972-19:0 ] - [ INFO ]  Nutz is licensed under the Apache License, Version 2.0 .
Report bugs : https://github.com/nutzam/nutz/issues
2016-02-01 15:06:50  [ qtp1948206972-19:708 ] - [ DEBUG ]  Using 91 castor for Castors
2016-02-01 15:06:50  [ qtp1948206972-19:719 ] - [ INFO ]  Init file-pool by: /Users/wsdevotion/.nutz/tmp/dao/ [200000]
2016-02-01 15:06:50  [ qtp1948206972-19:719 ] - [ DEBUG ]  file-pool.home: '/Users/wsdevotion/.nutz/tmp/dao'
2016-02-01 15:06:50  [ qtp1948206972-19:720 ] - [ INFO ]  file-pool.cursor: 0
2016-02-01 15:06:50  [ qtp1948206972-19:726 ] - [ DEBUG ]  Jdbcs init complete
2016-02-01 15:06:50  [ qtp1948206972-19:726 ] - [ INFO ]  Get Connection from DataSource for JdbcExpert
2016-02-01 15:06:50  [ qtp1948206972-19:736 ] - [ DEBUG ]  JDBC Driver --> mysql-connector-java-5.1.36 ( Revision: 4fc1f969f740409a4e03750316df2c0e429f3dc8 )
2016-02-01 15:06:50  [ qtp1948206972-19:736 ] - [ DEBUG ]  JDBC Name   --> MySQL Connector Java
2016-02-01 15:06:50  [ qtp1948206972-19:737 ] - [ DEBUG ]  Database info --> MYSQL:[MySQL - 5.6.26]
2016-02-01 15:06:50  [ qtp1948206972-19:806 ] - [ DEBUG ]  SELECT * FROM user_table  WHERE user_phone=?
    |           1 |
    |-------------|
    | 12312312319 |
  For example:> "SELECT * FROM user_table  WHERE user_phone='12312312319'"
2016-02-01 15:06:54  [ qtp1948206972-20:4745 ] - [ DEBUG ]  SELECT * FROM user_table  WHERE user_phone=?
    |           1 |
    |-------------|
    | 12312312319 |
  For example:> "SELECT * FROM user_table  WHERE user_phone='12312312319'"
2016-02-01 15:06:54  [ qtp1948206972-20:4763 ] - [ DEBUG ]  UPDATE user_table SET user_phone=?,user_head_img=?,user_name=?,user_password=?,user_reg_time=?,user_sex=?,user_age=?,user_followed_lable_ids=?,user_liked_article_ids=?,user_liked_project_ids=?,user_supported_comment_ids=?,user_ordered_ids=?,user_address=?  WHERE user_id=?
    |           1 |                                        2 |      3 |                                4 |             5 | 6 |  7 |    8 |    9 |   10 |   11 |   12 |   13 | 14 |
    |-------------|------------------------------------------|--------|----------------------------------|---------------|---|----|------|------|------|------|------|------|---|
    | 12312312319 | 228ee176-705c-4cde-8243-5fc46ca9bfe2.jpg | wer123 | 777ED7BDEC85869F68DDEC616F487A42 | 1454309747042 | 1 | 30 | NULL | NULL | NULL | NULL | NULL | NULL | 4 |
  For example:> "UPDATE user_table SET user_phone='12312312319',user_head_img='228ee176-705c-4cde-8243-5fc46ca9bfe2.jpg',user_name='wer123',user_password='777ED7BDEC85869F68DDEC616F487A42',user_reg_time='1454309747042',user_sex=1,user_age=30,user_followed_lable_ids=NULL,user_liked_article_ids=NULL,user_liked_project_ids=NULL,user_supported_comment_ids=NULL,user_ordered_ids=NULL,user_address=NULL  WHERE user_id=4"
2016-02-01 15:07:09  [ qtp1948206972-21:19346 ] - [ DEBUG ]  SELECT * FROM user_table  WHERE user_phone=?
    |           1 |
    |-------------|
    | 12312312319 |
  For example:> "SELECT * FROM user_table  WHERE user_phone='12312312319'"
2016-02-01 15:07:09  [ qtp1948206972-21:19353 ] - [ DEBUG ]  UPDATE user_table SET user_phone=?,user_head_img=?,user_name=?,user_password=?,user_reg_time=?,user_sex=?,user_age=?,user_followed_lable_ids=?,user_liked_article_ids=?,user_liked_project_ids=?,user_supported_comment_ids=?,user_ordered_ids=?,user_address=?  WHERE user_id=?
    |           1 |                                        2 |         3 |                                4 |             5 | 6 |  7 |    8 |    9 |   10 |   11 |   12 |   13 | 14 |
    |-------------|------------------------------------------|-----------|----------------------------------|---------------|---|----|------|------|------|------|------|------|---|
    | 12312312319 | 1f86e0ab-bd7f-466a-b9e6-0508d46681dc.jpg | wer123123 | 777ED7BDEC85869F68DDEC616F487A42 | 1454309747042 | 1 | 30 | NULL | NULL | NULL | NULL | NULL | NULL | 4 |
  For example:> "UPDATE user_table SET user_phone='12312312319',user_head_img='1f86e0ab-bd7f-466a-b9e6-0508d46681dc.jpg',user_name='wer123123',user_password='777ED7BDEC85869F68DDEC616F487A42',user_reg_time='1454309747042',user_sex=1,user_age=30,user_followed_lable_ids=NULL,user_liked_article_ids=NULL,user_liked_project_ids=NULL,user_supported_comment_ids=NULL,user_ordered_ids=NULL,user_address=NULL  WHERE user_id=4"
2016-02-01 15:08:24  [ qtp1948206972-22:94432 ] - [ DEBUG ]  SELECT * FROM user_table  WHERE user_phone=?
    |           1 |
    |-------------|
    | 12312312319 |
  For example:> "SELECT * FROM user_table  WHERE user_phone='12312312319'"
2016-02-01 15:08:24  [ qtp1948206972-22:94438 ] - [ INFO ]  Exception =>>>>>>>>>>java.lang.NullPointerException
2016-02-01 15:10:18  [ qtp1554664110-21:0 ] - [ INFO ]  Nutz is licensed under the Apache License, Version 2.0 .
Report bugs : https://github.com/nutzam/nutz/issues
2016-02-01 15:10:18  [ qtp1554664110-21:626 ] - [ DEBUG ]  Using 91 castor for Castors
2016-02-01 15:10:19  [ qtp1554664110-21:642 ] - [ INFO ]  Init file-pool by: /Users/wsdevotion/.nutz/tmp/dao/ [200000]
2016-02-01 15:10:19  [ qtp1554664110-21:642 ] - [ DEBUG ]  file-pool.home: '/Users/wsdevotion/.nutz/tmp/dao'
2016-02-01 15:10:19  [ qtp1554664110-21:644 ] - [ INFO ]  file-pool.cursor: 0
2016-02-01 15:10:19  [ qtp1554664110-21:654 ] - [ DEBUG ]  Jdbcs init complete
2016-02-01 15:10:19  [ qtp1554664110-21:654 ] - [ INFO ]  Get Connection from DataSource for JdbcExpert
2016-02-01 15:10:19  [ qtp1554664110-21:666 ] - [ DEBUG ]  JDBC Driver --> mysql-connector-java-5.1.36 ( Revision: 4fc1f969f740409a4e03750316df2c0e429f3dc8 )
2016-02-01 15:10:19  [ qtp1554664110-21:667 ] - [ DEBUG ]  JDBC Name   --> MySQL Connector Java
2016-02-01 15:10:19  [ qtp1554664110-21:668 ] - [ DEBUG ]  Database info --> MYSQL:[MySQL - 5.6.26]
2016-02-01 15:10:19  [ qtp1554664110-21:765 ] - [ DEBUG ]  SELECT * FROM user_table  WHERE user_phone=?
    |           1 |
    |-------------|
    | 12312312319 |
  For example:> "SELECT * FROM user_table  WHERE user_phone='12312312319'"
2016-02-01 15:10:26  [ qtp1554664110-21:8007 ] - [ INFO ]  AuthException =>>>>>>>>>>exception.AuthException: -2
2016-02-01 15:10:40  [ qtp1554664110-22:21721 ] - [ DEBUG ]  SELECT * FROM user_table  WHERE user_phone=?
    |           1 |
    |-------------|
    | 12312312319 |
  For example:> "SELECT * FROM user_table  WHERE user_phone='12312312319'"
2016-02-01 15:10:46  [ qtp1554664110-22:28348 ] - [ INFO ]  AuthException =>>>>>>>>>>exception.AuthException: -2
2016-02-01 15:11:08  [ qtp1554664110-23:50230 ] - [ DEBUG ]  SELECT * FROM user_table  WHERE user_phone=?
    |           1 |
    |-------------|
    | 12312312319 |
  For example:> "SELECT * FROM user_table  WHERE user_phone='12312312319'"
2016-02-01 15:13:51  [ qtp1554664110-23:213319 ] - [ INFO ]  AuthException =>>>>>>>>>>exception.AuthException: -2
2016-02-01 15:14:04  [ qtp1554664110-24:226425 ] - [ INFO ]  NullRequestException =>>>>>>>>>>exception.NullRequestException: param user_password is empty
2016-02-01 15:16:42  [ qtp1554664110-21:0 ] - [ INFO ]  AuthException =>>>>>>>>>>exception.AuthException: -1
2016-02-01 15:17:23  [ qtp1554664110-22:40824 ] - [ INFO ]  NullRequestException =>>>>>>>>>>exception.NullRequestException: param user_password is empty
2016-02-01 15:17:39  [ qtp1554664110-18:56637 ] - [ INFO ]  Nutz is licensed under the Apache License, Version 2.0 .
Report bugs : https://github.com/nutzam/nutz/issues
2016-02-01 15:17:39  [ qtp1554664110-18:57135 ] - [ DEBUG ]  Using 91 castor for Castors
2016-02-01 15:17:39  [ qtp1554664110-18:57147 ] - [ INFO ]  Init file-pool by: /Users/wsdevotion/.nutz/tmp/dao/ [200000]
2016-02-01 15:17:39  [ qtp1554664110-18:57147 ] - [ DEBUG ]  file-pool.home: '/Users/wsdevotion/.nutz/tmp/dao'
2016-02-01 15:17:39  [ qtp1554664110-18:57148 ] - [ INFO ]  file-pool.cursor: 0
2016-02-01 15:17:39  [ qtp1554664110-18:57156 ] - [ DEBUG ]  Jdbcs init complete
2016-02-01 15:17:39  [ qtp1554664110-18:57156 ] - [ INFO ]  Get Connection from DataSource for JdbcExpert
2016-02-01 15:17:39  [ qtp1554664110-18:57168 ] - [ DEBUG ]  JDBC Driver --> mysql-connector-java-5.1.36 ( Revision: 4fc1f969f740409a4e03750316df2c0e429f3dc8 )
2016-02-01 15:17:39  [ qtp1554664110-18:57168 ] - [ DEBUG ]  JDBC Name   --> MySQL Connector Java
2016-02-01 15:17:39  [ qtp1554664110-18:57169 ] - [ DEBUG ]  Database info --> MYSQL:[MySQL - 5.6.26]
2016-02-01 15:17:40  [ qtp1554664110-18:57228 ] - [ DEBUG ]  SELECT * FROM user_table  WHERE user_phone=?
    |           1 |
    |-------------|
    | 12312312319 |
  For example:> "SELECT * FROM user_table  WHERE user_phone='12312312319'"
2016-02-01 15:17:40  [ qtp1554664110-18:57255 ] - [ DEBUG ]  INSERT INTO user_table(user_phone,user_head_img,user_name,user_password,user_reg_time,user_sex,user_age,user_followed_lable_ids,user_liked_article_ids,user_liked_project_ids,user_supported_comment_ids,user_ordered_ids,user_address) VALUES(?,?,?,?,?,?,?,?,?,?,?,?,?) 
    |           1 |                                        2 |      3 |                                4 |             5 | 6 |  7 |    8 |    9 |   10 |   11 |   12 |   13 |
    |-------------|------------------------------------------|--------|----------------------------------|---------------|---|----|------|------|------|------|------|------|
    | 12312312319 | ef7c4c4c-b964-41da-8736-563d4d598686.jpg | robot3 | DC01E7A2757F9838137FA8906527016D | 1454311059399 | 1 | 30 | NULL | NULL | NULL | NULL | NULL | NULL |
  For example:> "INSERT INTO user_table(user_phone,user_head_img,user_name,user_password,user_reg_time,user_sex,user_age,user_followed_lable_ids,user_liked_article_ids,user_liked_project_ids,user_supported_comment_ids,user_ordered_ids,user_address) VALUES('12312312319','ef7c4c4c-b964-41da-8736-563d4d598686.jpg','robot3','DC01E7A2757F9838137FA8906527016D','1454311059399',1,30,NULL,NULL,NULL,NULL,NULL,NULL) "
2016-02-01 15:17:40  [ qtp1554664110-18:57258 ] - [ DEBUG ]  SELECT @@IDENTITY
2016-02-01 15:18:09  [ qtp1554664110-21:86456 ] - [ DEBUG ]  SELECT * FROM user_table  WHERE user_phone=?
    |           1 |
    |-------------|
    | 12312312319 |
  For example:> "SELECT * FROM user_table  WHERE user_phone='12312312319'"
2016-02-01 15:18:37  [ qtp1554664110-23:114375 ] - [ DEBUG ]  SELECT * FROM user_table  WHERE user_phone=?
    |           1 |
    |-------------|
    | 12312312319 |
  For example:> "SELECT * FROM user_table  WHERE user_phone='12312312319'"
2016-02-01 15:18:37  [ qtp1554664110-23:114382 ] - [ DEBUG ]  UPDATE user_table SET user_phone=?,user_head_img=?,user_name=?,user_password=?,user_reg_time=?,user_sex=?,user_age=?,user_followed_lable_ids=?,user_liked_article_ids=?,user_liked_project_ids=?,user_supported_comment_ids=?,user_ordered_ids=?,user_address=?  WHERE user_id=?
    |           1 |                                        2 |         3 |                                4 |             5 | 6 |  7 |    8 |    9 |   10 |   11 |   12 |   13 | 14 |
    |-------------|------------------------------------------|-----------|----------------------------------|---------------|---|----|------|------|------|------|------|------|---|
    | 12312312319 | 58fa2eaa-df88-4f04-bcb9-2f4e0fd571e7.jpg | wer123123 | A4ABCCEC3FB9FB9D4D7AACCF6081B12C | 1454311059399 | 1 | 30 | NULL | NULL | NULL | NULL | NULL | NULL | 5 |
  For example:> "UPDATE user_table SET user_phone='12312312319',user_head_img='58fa2eaa-df88-4f04-bcb9-2f4e0fd571e7.jpg',user_name='wer123123',user_password='A4ABCCEC3FB9FB9D4D7AACCF6081B12C',user_reg_time='1454311059399',user_sex=1,user_age=30,user_followed_lable_ids=NULL,user_liked_article_ids=NULL,user_liked_project_ids=NULL,user_supported_comment_ids=NULL,user_ordered_ids=NULL,user_address=NULL  WHERE user_id=5"
2016-02-01 15:18:45  [ qtp1554664110-18:122256 ] - [ DEBUG ]  SELECT * FROM user_table  WHERE user_phone=?
    |           1 |
    |-------------|
    | 12312312319 |
  For example:> "SELECT * FROM user_table  WHERE user_phone='12312312319'"
2016-02-01 15:18:47  [ qtp1554664110-18:124962 ] - [ INFO ]  AuthException =>>>>>>>>>>exception.AuthException: -2
2016-02-01 15:18:51  [ qtp1554664110-21:129021 ] - [ DEBUG ]  SELECT * FROM user_table  WHERE user_phone=?
    |           1 |
    |-------------|
    | 12312312319 |
  For example:> "SELECT * FROM user_table  WHERE user_phone='12312312319'"
2016-02-01 15:19:24  [ qtp1554664110-25:161751 ] - [ DEBUG ]  SELECT * FROM user_table  WHERE user_phone=?
    |           1 |
    |-------------|
    | 12312312319 |
  For example:> "SELECT * FROM user_table  WHERE user_phone='12312312319'"
2016-02-01 15:20:02  [ qtp1554664110-25:199477 ] - [ INFO ]  Exception =>>>>>>>>>>java.lang.NullPointerException
2016-02-01 15:20:18  [ qtp1554664110-24:215540 ] - [ DEBUG ]  SELECT * FROM user_table  WHERE user_phone=?
    |           1 |
    |-------------|
    | 12312312319 |
  For example:> "SELECT * FROM user_table  WHERE user_phone='12312312319'"
2016-02-01 15:20:40  [ qtp1554664110-24:238077 ] - [ INFO ]  Exception =>>>>>>>>>>java.lang.NullPointerException
2016-02-01 15:21:04  [ qtp1554664110-22:261316 ] - [ DEBUG ]  SELECT * FROM user_table  WHERE user_phone=?
    |           1 |
    |-------------|
    | 12312312319 |
  For example:> "SELECT * FROM user_table  WHERE user_phone='12312312319'"
2016-02-01 15:21:06  [ qtp1554664110-22:263675 ] - [ INFO ]  Exception =>>>>>>>>>>java.lang.NullPointerException
2016-02-01 15:21:17  [ qtp1554664110-21:274465 ] - [ DEBUG ]  SELECT * FROM user_table  WHERE user_phone=?
    |           1 |
    |-------------|
    | 12312312319 |
  For example:> "SELECT * FROM user_table  WHERE user_phone='12312312319'"
2016-02-01 15:21:24  [ qtp1554664110-21:281959 ] - [ INFO ]  Exception =>>>>>>>>>>java.lang.NullPointerException
2016-02-01 15:21:41  [ qtp1554664110-24:298694 ] - [ DEBUG ]  SELECT * FROM user_table  WHERE user_phone=?
    |           1 |
    |-------------|
    | 12312312319 |
  For example:> "SELECT * FROM user_table  WHERE user_phone='12312312319'"
2016-02-01 15:21:41  [ qtp1554664110-24:298713 ] - [ DEBUG ]  SELECT * FROM lable_table  WHERE lable_id=?
    | 1 |
    |---|
    | 1 |
  For example:> "SELECT * FROM lable_table  WHERE lable_id=1"
2016-02-01 15:22:09  [ qtp1554664110-25:327191 ] - [ DEBUG ]  SELECT * FROM user_table  WHERE user_phone=?
    |           1 |
    |-------------|
    | 12312312319 |
  For example:> "SELECT * FROM user_table  WHERE user_phone='12312312319'"
2016-02-01 15:22:09  [ qtp1554664110-25:327197 ] - [ DEBUG ]  SELECT * FROM lable_table  WHERE lable_id=?
    | 1 |
    |---|
    | 1 |
  For example:> "SELECT * FROM lable_table  WHERE lable_id=1"
2016-02-01 15:22:09  [ qtp1554664110-25:327201 ] - [ DEBUG ]  SELECT * FROM lable_table  WHERE lable_id=?
    | 1 |
    |---|
    | 2 |
  For example:> "SELECT * FROM lable_table  WHERE lable_id=2"
2016-02-01 15:23:14  [ qtp1048476760-19:0 ] - [ INFO ]  Nutz is licensed under the Apache License, Version 2.0 .
Report bugs : https://github.com/nutzam/nutz/issues
2016-02-01 15:23:15  [ qtp1048476760-19:634 ] - [ DEBUG ]  Using 91 castor for Castors
2016-02-01 15:23:15  [ qtp1048476760-19:649 ] - [ INFO ]  Init file-pool by: /Users/wsdevotion/.nutz/tmp/dao/ [200000]
2016-02-01 15:23:15  [ qtp1048476760-19:650 ] - [ DEBUG ]  file-pool.home: '/Users/wsdevotion/.nutz/tmp/dao'
2016-02-01 15:23:15  [ qtp1048476760-19:651 ] - [ INFO ]  file-pool.cursor: 0
2016-02-01 15:23:15  [ qtp1048476760-19:661 ] - [ DEBUG ]  Jdbcs init complete
2016-02-01 15:23:15  [ qtp1048476760-19:661 ] - [ INFO ]  Get Connection from DataSource for JdbcExpert
2016-02-01 15:23:15  [ qtp1048476760-19:671 ] - [ DEBUG ]  JDBC Driver --> mysql-connector-java-5.1.36 ( Revision: 4fc1f969f740409a4e03750316df2c0e429f3dc8 )
2016-02-01 15:23:15  [ qtp1048476760-19:672 ] - [ DEBUG ]  JDBC Name   --> MySQL Connector Java
2016-02-01 15:23:15  [ qtp1048476760-19:673 ] - [ DEBUG ]  Database info --> MYSQL:[MySQL - 5.6.26]
2016-02-01 15:23:15  [ qtp1048476760-19:742 ] - [ DEBUG ]  SELECT * FROM user_table  WHERE user_phone=?
    |           1 |
    |-------------|
    | 12312312319 |
  For example:> "SELECT * FROM user_table  WHERE user_phone='12312312319'"
2016-02-01 15:23:18  [ qtp1048476760-20:4229 ] - [ DEBUG ]  SELECT * FROM user_table  WHERE user_phone=?
    |           1 |
    |-------------|
    | 12312312319 |
  For example:> "SELECT * FROM user_table  WHERE user_phone='12312312319'"
2016-02-01 15:23:18  [ qtp1048476760-20:4241 ] - [ DEBUG ]  SELECT * FROM lable_table  WHERE lable_id=?
    | 1 |
    |---|
    | 1 |
  For example:> "SELECT * FROM lable_table  WHERE lable_id=1"
2016-02-01 15:23:18  [ qtp1048476760-20:4248 ] - [ DEBUG ]  SELECT * FROM lable_table  WHERE lable_id=?
    | 1 |
    |---|
    | 2 |
  For example:> "SELECT * FROM lable_table  WHERE lable_id=2"
2016-02-01 15:23:33  [ qtp1048476760-21:18559 ] - [ DEBUG ]  SELECT * FROM user_table  WHERE user_phone=?
    |           1 |
    |-------------|
    | 12312312319 |
  For example:> "SELECT * FROM user_table  WHERE user_phone='12312312319'"
2016-02-01 15:23:33  [ qtp1048476760-21:18561 ] - [ INFO ]  Exception =>>>>>>>>>>java.lang.NumberFormatException: For input string: "[Null]"
2016-02-01 15:24:01  [ qtp1048476760-22:47128 ] - [ DEBUG ]  SELECT * FROM user_table  WHERE user_phone=?
    |           1 |
    |-------------|
    | 12312312319 |
  For example:> "SELECT * FROM user_table  WHERE user_phone='12312312319'"
2016-02-01 15:24:01  [ qtp1048476760-22:47130 ] - [ INFO ]  Exception =>>>>>>>>>>java.lang.NumberFormatException: For input string: ""
2016-02-01 15:24:03  [ qtp1048476760-23:48660 ] - [ DEBUG ]  SELECT * FROM user_table  WHERE user_phone=?
    |           1 |
    |-------------|
    | 12312312319 |
  For example:> "SELECT * FROM user_table  WHERE user_phone='12312312319'"
2016-02-01 15:24:03  [ qtp1048476760-23:48664 ] - [ INFO ]  Exception =>>>>>>>>>>java.lang.NumberFormatException: For input string: ""
2016-02-01 15:24:03  [ qtp1048476760-16:49153 ] - [ DEBUG ]  SELECT * FROM user_table  WHERE user_phone=?
    |           1 |
    |-------------|
    | 12312312319 |
  For example:> "SELECT * FROM user_table  WHERE user_phone='12312312319'"
2016-02-01 15:24:03  [ qtp1048476760-16:49156 ] - [ INFO ]  Exception =>>>>>>>>>>java.lang.NumberFormatException: For input string: ""
2016-02-01 15:24:04  [ qtp1048476760-19:49579 ] - [ DEBUG ]  SELECT * FROM user_table  WHERE user_phone=?
    |           1 |
    |-------------|
    | 12312312319 |
  For example:> "SELECT * FROM user_table  WHERE user_phone='12312312319'"
2016-02-01 15:24:04  [ qtp1048476760-19:49583 ] - [ INFO ]  Exception =>>>>>>>>>>java.lang.NumberFormatException: For input string: ""
2016-02-01 15:24:04  [ qtp1048476760-20:49941 ] - [ DEBUG ]  SELECT * FROM user_table  WHERE user_phone=?
    |           1 |
    |-------------|
    | 12312312319 |
  For example:> "SELECT * FROM user_table  WHERE user_phone='12312312319'"
2016-02-01 15:24:04  [ qtp1048476760-20:49944 ] - [ INFO ]  Exception =>>>>>>>>>>java.lang.NumberFormatException: For input string: ""
2016-02-01 15:24:05  [ qtp1048476760-21:50392 ] - [ DEBUG ]  SELECT * FROM user_table  WHERE user_phone=?
    |           1 |
    |-------------|
    | 12312312319 |
  For example:> "SELECT * FROM user_table  WHERE user_phone='12312312319'"
2016-02-01 15:24:05  [ qtp1048476760-21:50395 ] - [ INFO ]  Exception =>>>>>>>>>>java.lang.NumberFormatException: For input string: ""
2016-02-01 15:24:42  [ qtp300346617-20:0 ] - [ INFO ]  Nutz is licensed under the Apache License, Version 2.0 .
Report bugs : https://github.com/nutzam/nutz/issues
2016-02-01 15:24:43  [ qtp300346617-20:502 ] - [ DEBUG ]  Using 91 castor for Castors
2016-02-01 15:24:43  [ qtp300346617-20:517 ] - [ INFO ]  Init file-pool by: /Users/wsdevotion/.nutz/tmp/dao/ [200000]
2016-02-01 15:24:43  [ qtp300346617-20:517 ] - [ DEBUG ]  file-pool.home: '/Users/wsdevotion/.nutz/tmp/dao'
2016-02-01 15:24:43  [ qtp300346617-20:518 ] - [ INFO ]  file-pool.cursor: 0
2016-02-01 15:24:43  [ qtp300346617-20:529 ] - [ DEBUG ]  Jdbcs init complete
2016-02-01 15:24:43  [ qtp300346617-20:530 ] - [ INFO ]  Get Connection from DataSource for JdbcExpert
2016-02-01 15:24:43  [ qtp300346617-20:543 ] - [ DEBUG ]  JDBC Driver --> mysql-connector-java-5.1.36 ( Revision: 4fc1f969f740409a4e03750316df2c0e429f3dc8 )
2016-02-01 15:24:43  [ qtp300346617-20:544 ] - [ DEBUG ]  JDBC Name   --> MySQL Connector Java
2016-02-01 15:24:43  [ qtp300346617-20:545 ] - [ DEBUG ]  Database info --> MYSQL:[MySQL - 5.6.26]
2016-02-01 15:24:43  [ qtp300346617-20:646 ] - [ DEBUG ]  SELECT * FROM user_table  WHERE user_phone=?
    |           1 |
    |-------------|
    | 12312312319 |
  For example:> "SELECT * FROM user_table  WHERE user_phone='12312312319'"
2016-02-01 15:24:46  [ qtp300346617-17:3720 ] - [ DEBUG ]  SELECT * FROM user_table  WHERE user_phone=?
    |           1 |
    |-------------|
    | 12312312319 |
  For example:> "SELECT * FROM user_table  WHERE user_phone='12312312319'"
2016-02-01 15:24:46  [ qtp300346617-17:3724 ] - [ INFO ]  Exception =>>>>>>>>>>java.lang.NumberFormatException: For input string: ""
2016-02-01 15:25:23  [ qtp1948206972-19:0 ] - [ INFO ]  Nutz is licensed under the Apache License, Version 2.0 .
Report bugs : https://github.com/nutzam/nutz/issues
2016-02-01 15:25:24  [ qtp1948206972-19:452 ] - [ DEBUG ]  Using 91 castor for Castors
2016-02-01 15:25:24  [ qtp1948206972-19:466 ] - [ INFO ]  Init file-pool by: /Users/wsdevotion/.nutz/tmp/dao/ [200000]
2016-02-01 15:25:24  [ qtp1948206972-19:466 ] - [ DEBUG ]  file-pool.home: '/Users/wsdevotion/.nutz/tmp/dao'
2016-02-01 15:25:24  [ qtp1948206972-19:467 ] - [ INFO ]  file-pool.cursor: 0
2016-02-01 15:25:24  [ qtp1948206972-19:476 ] - [ DEBUG ]  Jdbcs init complete
2016-02-01 15:25:24  [ qtp1948206972-19:476 ] - [ INFO ]  Get Connection from DataSource for JdbcExpert
2016-02-01 15:25:24  [ qtp1948206972-19:487 ] - [ DEBUG ]  JDBC Driver --> mysql-connector-java-5.1.36 ( Revision: 4fc1f969f740409a4e03750316df2c0e429f3dc8 )
2016-02-01 15:25:24  [ qtp1948206972-19:488 ] - [ DEBUG ]  JDBC Name   --> MySQL Connector Java
2016-02-01 15:25:24  [ qtp1948206972-19:490 ] - [ DEBUG ]  Database info --> MYSQL:[MySQL - 5.6.26]
2016-02-01 15:25:24  [ qtp1948206972-19:591 ] - [ DEBUG ]  SELECT * FROM user_table  WHERE user_phone=?
    |           1 |
    |-------------|
    | 12312312319 |
  For example:> "SELECT * FROM user_table  WHERE user_phone='12312312319'"
2016-02-01 15:25:27  [ qtp1948206972-20:3095 ] - [ DEBUG ]  SELECT * FROM user_table  WHERE user_phone=?
    |           1 |
    |-------------|
    | 12312312319 |
  For example:> "SELECT * FROM user_table  WHERE user_phone='12312312319'"
2016-02-01 15:25:27  [ qtp1948206972-20:3099 ] - [ INFO ]  Exception =>>>>>>>>>>java.lang.NumberFormatException: For input string: ""
2016-02-01 15:25:49  [ qtp1127391743-21:0 ] - [ INFO ]  Nutz is licensed under the Apache License, Version 2.0 .
Report bugs : https://github.com/nutzam/nutz/issues
2016-02-01 15:25:50  [ qtp1127391743-21:561 ] - [ DEBUG ]  Using 91 castor for Castors
2016-02-01 15:25:50  [ qtp1127391743-21:577 ] - [ INFO ]  Init file-pool by: /Users/wsdevotion/.nutz/tmp/dao/ [200000]
2016-02-01 15:25:50  [ qtp1127391743-21:578 ] - [ DEBUG ]  file-pool.home: '/Users/wsdevotion/.nutz/tmp/dao'
2016-02-01 15:25:50  [ qtp1127391743-21:579 ] - [ INFO ]  file-pool.cursor: 0
2016-02-01 15:25:50  [ qtp1127391743-21:588 ] - [ DEBUG ]  Jdbcs init complete
2016-02-01 15:25:50  [ qtp1127391743-21:589 ] - [ INFO ]  Get Connection from DataSource for JdbcExpert
2016-02-01 15:25:50  [ qtp1127391743-21:603 ] - [ DEBUG ]  JDBC Driver --> mysql-connector-java-5.1.36 ( Revision: 4fc1f969f740409a4e03750316df2c0e429f3dc8 )
2016-02-01 15:25:50  [ qtp1127391743-21:603 ] - [ DEBUG ]  JDBC Name   --> MySQL Connector Java
2016-02-01 15:25:50  [ qtp1127391743-21:604 ] - [ DEBUG ]  Database info --> MYSQL:[MySQL - 5.6.26]
2016-02-01 15:25:50  [ qtp1127391743-21:709 ] - [ DEBUG ]  SELECT * FROM user_table  WHERE user_phone=?
    |           1 |
    |-------------|
    | 12312312319 |
  For example:> "SELECT * FROM user_table  WHERE user_phone='12312312319'"
2016-02-01 15:26:13  [ qtp1127391743-22:23938 ] - [ DEBUG ]  SELECT * FROM user_table  WHERE user_phone=?
    |           1 |
    |-------------|
    | 12312312319 |
  For example:> "SELECT * FROM user_table  WHERE user_phone='12312312319'"
2016-02-01 15:26:49  [ qtp1127391743-22:59704 ] - [ INFO ]  Exception =>>>>>>>>>>java.lang.NumberFormatException: For input string: ""
2016-02-01 15:27:03  [ qtp1948206972-19:0 ] - [ INFO ]  Nutz is licensed under the Apache License, Version 2.0 .
Report bugs : https://github.com/nutzam/nutz/issues
2016-02-01 15:27:04  [ qtp1948206972-19:523 ] - [ DEBUG ]  Using 91 castor for Castors
2016-02-01 15:27:04  [ qtp1948206972-19:537 ] - [ INFO ]  Init file-pool by: /Users/wsdevotion/.nutz/tmp/dao/ [200000]
2016-02-01 15:27:04  [ qtp1948206972-19:537 ] - [ DEBUG ]  file-pool.home: '/Users/wsdevotion/.nutz/tmp/dao'
2016-02-01 15:27:04  [ qtp1948206972-19:540 ] - [ INFO ]  file-pool.cursor: 0
2016-02-01 15:27:04  [ qtp1948206972-19:550 ] - [ DEBUG ]  Jdbcs init complete
2016-02-01 15:27:04  [ qtp1948206972-19:550 ] - [ INFO ]  Get Connection from DataSource for JdbcExpert
2016-02-01 15:27:04  [ qtp1948206972-19:565 ] - [ DEBUG ]  JDBC Driver --> mysql-connector-java-5.1.36 ( Revision: 4fc1f969f740409a4e03750316df2c0e429f3dc8 )
2016-02-01 15:27:04  [ qtp1948206972-19:566 ] - [ DEBUG ]  JDBC Name   --> MySQL Connector Java
2016-02-01 15:27:04  [ qtp1948206972-19:567 ] - [ DEBUG ]  Database info --> MYSQL:[MySQL - 5.6.26]
2016-02-01 15:27:04  [ qtp1948206972-19:663 ] - [ DEBUG ]  SELECT * FROM user_table  WHERE user_phone=?
    |           1 |
    |-------------|
    | 12312312319 |
  For example:> "SELECT * FROM user_table  WHERE user_phone='12312312319'"
2016-02-01 15:27:08  [ qtp1948206972-20:4025 ] - [ DEBUG ]  SELECT * FROM user_table  WHERE user_phone=?
    |           1 |
    |-------------|
    | 12312312319 |
  For example:> "SELECT * FROM user_table  WHERE user_phone='12312312319'"
2016-02-01 15:27:08  [ qtp1948206972-20:4028 ] - [ INFO ]  Exception =>>>>>>>>>>java.lang.NullPointerException
2016-02-01 15:27:11  [ qtp1948206972-21:7439 ] - [ DEBUG ]  SELECT * FROM user_table  WHERE user_phone=?
    |           1 |
    |-------------|
    | 12312312319 |
  For example:> "SELECT * FROM user_table  WHERE user_phone='12312312319'"
2016-02-01 15:27:11  [ qtp1948206972-21:7443 ] - [ INFO ]  Exception =>>>>>>>>>>java.lang.NullPointerException
2016-02-01 15:27:11  [ qtp1948206972-22:8002 ] - [ DEBUG ]  SELECT * FROM user_table  WHERE user_phone=?
    |           1 |
    |-------------|
    | 12312312319 |
  For example:> "SELECT * FROM user_table  WHERE user_phone='12312312319'"
2016-02-01 15:27:11  [ qtp1948206972-22:8006 ] - [ INFO ]  Exception =>>>>>>>>>>java.lang.NullPointerException
2016-02-01 15:28:02  [ qtp1554664110-21:0 ] - [ INFO ]  Nutz is licensed under the Apache License, Version 2.0 .
Report bugs : https://github.com/nutzam/nutz/issues
2016-02-01 15:28:03  [ qtp1554664110-21:582 ] - [ DEBUG ]  Using 91 castor for Castors
2016-02-01 15:28:03  [ qtp1554664110-21:597 ] - [ INFO ]  Init file-pool by: /Users/wsdevotion/.nutz/tmp/dao/ [200000]
2016-02-01 15:28:03  [ qtp1554664110-21:598 ] - [ DEBUG ]  file-pool.home: '/Users/wsdevotion/.nutz/tmp/dao'
2016-02-01 15:28:03  [ qtp1554664110-21:599 ] - [ INFO ]  file-pool.cursor: 0
2016-02-01 15:28:03  [ qtp1554664110-21:609 ] - [ DEBUG ]  Jdbcs init complete
2016-02-01 15:28:03  [ qtp1554664110-21:609 ] - [ INFO ]  Get Connection from DataSource for JdbcExpert
2016-02-01 15:28:03  [ qtp1554664110-21:624 ] - [ DEBUG ]  JDBC Driver --> mysql-connector-java-5.1.36 ( Revision: 4fc1f969f740409a4e03750316df2c0e429f3dc8 )
2016-02-01 15:28:03  [ qtp1554664110-21:625 ] - [ DEBUG ]  JDBC Name   --> MySQL Connector Java
2016-02-01 15:28:03  [ qtp1554664110-21:626 ] - [ DEBUG ]  Database info --> MYSQL:[MySQL - 5.6.26]
2016-02-01 15:28:03  [ qtp1554664110-21:713 ] - [ DEBUG ]  SELECT * FROM user_table  WHERE user_phone=?
    |           1 |
    |-------------|
    | 12312312319 |
  For example:> "SELECT * FROM user_table  WHERE user_phone='12312312319'"
2016-02-01 15:28:16  [ qtp1554664110-22:14338 ] - [ DEBUG ]  SELECT * FROM user_table  WHERE user_phone=?
    |           1 |
    |-------------|
    | 12312312319 |
  For example:> "SELECT * FROM user_table  WHERE user_phone='12312312319'"
2016-02-01 15:31:30  [ qtp1898588555-21:0 ] - [ INFO ]  AuthException =>>>>>>>>>>exception.AuthException: -1
2016-02-01 15:31:35  [ qtp1898588555-20:4422 ] - [ INFO ]  Nutz is licensed under the Apache License, Version 2.0 .
Report bugs : https://github.com/nutzam/nutz/issues
2016-02-01 15:31:35  [ qtp1898588555-20:4852 ] - [ DEBUG ]  Using 91 castor for Castors
2016-02-01 15:31:35  [ qtp1898588555-20:4862 ] - [ INFO ]  Init file-pool by: /Users/wsdevotion/.nutz/tmp/dao/ [200000]
2016-02-01 15:31:35  [ qtp1898588555-20:4863 ] - [ DEBUG ]  file-pool.home: '/Users/wsdevotion/.nutz/tmp/dao'
2016-02-01 15:31:35  [ qtp1898588555-20:4863 ] - [ INFO ]  file-pool.cursor: 0
2016-02-01 15:31:35  [ qtp1898588555-20:4869 ] - [ DEBUG ]  Jdbcs init complete
2016-02-01 15:31:35  [ qtp1898588555-20:4869 ] - [ INFO ]  Get Connection from DataSource for JdbcExpert
2016-02-01 15:31:35  [ qtp1898588555-20:4882 ] - [ DEBUG ]  JDBC Driver --> mysql-connector-java-5.1.36 ( Revision: 4fc1f969f740409a4e03750316df2c0e429f3dc8 )
2016-02-01 15:31:35  [ qtp1898588555-20:4882 ] - [ DEBUG ]  JDBC Name   --> MySQL Connector Java
2016-02-01 15:31:35  [ qtp1898588555-20:4883 ] - [ DEBUG ]  Database info --> MYSQL:[MySQL - 5.6.26]
2016-02-01 15:31:35  [ qtp1898588555-20:4952 ] - [ DEBUG ]  SELECT * FROM user_table  WHERE user_phone=?
    |           1 |
    |-------------|
    | 12312312319 |
  For example:> "SELECT * FROM user_table  WHERE user_phone='12312312319'"
2016-02-01 15:31:38  [ qtp1898588555-19:7667 ] - [ DEBUG ]  SELECT * FROM user_table  WHERE user_phone=?
    |           1 |
    |-------------|
    | 12312312319 |
  For example:> "SELECT * FROM user_table  WHERE user_phone='12312312319'"
2016-02-01 15:31:38  [ qtp1898588555-19:7701 ] - [ DEBUG ]  SELECT * FROM order_table  WHERE order_id=?
    | 1 |
    |---|
    | 1 |
  For example:> "SELECT * FROM order_table  WHERE order_id=1"
2016-02-01 15:31:59  [ qtp1898588555-22:28254 ] - [ DEBUG ]  SELECT * FROM user_table  WHERE user_phone=?
    |           1 |
    |-------------|
    | 12312312319 |
  For example:> "SELECT * FROM user_table  WHERE user_phone='12312312319'"
2016-02-01 15:31:59  [ qtp1898588555-22:28258 ] - [ DEBUG ]  SELECT * FROM order_table  WHERE order_id=?
    | 1 |
    |---|
    | 1 |
  For example:> "SELECT * FROM order_table  WHERE order_id=1"
2016-02-01 15:31:59  [ qtp1898588555-22:28264 ] - [ DEBUG ]  SELECT * FROM order_table  WHERE order_id=?
    | 1 |
    |---|
    | 2 |
  For example:> "SELECT * FROM order_table  WHERE order_id=2"
2016-02-01 15:32:15  [ qtp1898588555-16:44493 ] - [ DEBUG ]  SELECT * FROM user_table  WHERE user_phone=?
    |           1 |
    |-------------|
    | 12312312319 |
  For example:> "SELECT * FROM user_table  WHERE user_phone='12312312319'"
2016-02-01 15:32:15  [ qtp1898588555-16:44496 ] - [ DEBUG ]  SELECT * FROM order_table  WHERE order_id=?
    | 1 |
    |---|
    | 1 |
  For example:> "SELECT * FROM order_table  WHERE order_id=1"
2016-02-01 15:32:15  [ qtp1898588555-16:44501 ] - [ DEBUG ]  SELECT * FROM order_table  WHERE order_id=?
    | 1 |
    |---|
    | 2 |
  For example:> "SELECT * FROM order_table  WHERE order_id=2"
2016-02-01 15:32:16  [ qtp1898588555-21:45430 ] - [ DEBUG ]  SELECT * FROM user_table  WHERE user_phone=?
    |           1 |
    |-------------|
    | 12312312319 |
  For example:> "SELECT * FROM user_table  WHERE user_phone='12312312319'"
2016-02-01 15:32:16  [ qtp1898588555-21:45435 ] - [ DEBUG ]  SELECT * FROM order_table  WHERE order_id=?
    | 1 |
    |---|
    | 1 |
  For example:> "SELECT * FROM order_table  WHERE order_id=1"
2016-02-01 15:32:16  [ qtp1898588555-21:45438 ] - [ DEBUG ]  SELECT * FROM order_table  WHERE order_id=?
    | 1 |
    |---|
    | 2 |
  For example:> "SELECT * FROM order_table  WHERE order_id=2"
2016-02-01 15:32:16  [ qtp1898588555-20:45857 ] - [ DEBUG ]  SELECT * FROM user_table  WHERE user_phone=?
    |           1 |
    |-------------|
    | 12312312319 |
  For example:> "SELECT * FROM user_table  WHERE user_phone='12312312319'"
2016-02-01 15:32:16  [ qtp1898588555-20:45861 ] - [ DEBUG ]  SELECT * FROM order_table  WHERE order_id=?
    | 1 |
    |---|
    | 1 |
  For example:> "SELECT * FROM order_table  WHERE order_id=1"
2016-02-01 15:32:16  [ qtp1898588555-20:45864 ] - [ DEBUG ]  SELECT * FROM order_table  WHERE order_id=?
    | 1 |
    |---|
    | 2 |
  For example:> "SELECT * FROM order_table  WHERE order_id=2"
2016-02-01 15:32:41  [ qtp1898588555-19:70704 ] - [ INFO ]  AuthException =>>>>>>>>>>exception.AuthException: -1
2016-02-01 15:32:45  [ qtp1898588555-23:75008 ] - [ DEBUG ]  SELECT * FROM user_table  WHERE user_phone=?
    |           1 |
    |-------------|
    | 12312312319 |
  For example:> "SELECT * FROM user_table  WHERE user_phone='12312312319'"
2016-02-01 15:32:45  [ qtp1898588555-23:75013 ] - [ DEBUG ]  SELECT * FROM order_table  WHERE order_id=?
    | 1 |
    |---|
    | 1 |
  For example:> "SELECT * FROM order_table  WHERE order_id=1"
2016-02-01 15:32:45  [ qtp1898588555-23:75016 ] - [ DEBUG ]  SELECT * FROM order_table  WHERE order_id=?
    | 1 |
    |---|
    | 2 |
  For example:> "SELECT * FROM order_table  WHERE order_id=2"
2016-02-01 15:33:13  [ qtp1898588555-22:102263 ] - [ DEBUG ]  SELECT * FROM order_table  WHERE order_id=?
    | 1 |
    |---|
    | 1 |
  For example:> "SELECT * FROM order_table  WHERE order_id=1"
2016-02-01 15:33:33  [ qtp1898588555-16:122514 ] - [ DEBUG ]  SELECT * FROM order_table  WHERE order_id=?
    | 1 |
    |---|
    | 1 |
  For example:> "SELECT * FROM order_table  WHERE order_id=1"
2016-02-01 15:33:37  [ qtp1898588555-19:126660 ] - [ DEBUG ]  SELECT * FROM order_table  WHERE order_id=?
    | 1 |
    |---|
    | 2 |
  For example:> "SELECT * FROM order_table  WHERE order_id=2"
2016-02-01 15:33:46  [ qtp1898588555-23:135049 ] - [ DEBUG ]  SELECT * FROM order_table  WHERE order_id=?
    | 1 |
    |---|
    | 2 |
  For example:> "SELECT * FROM order_table  WHERE order_id=2"
2016-02-01 15:33:50  [ qtp1898588555-22:139532 ] - [ DEBUG ]  SELECT * FROM order_table  WHERE order_id=?
    | 1 |
    |---|
    | 3 |
  For example:> "SELECT * FROM order_table  WHERE order_id=3"
2016-02-01 15:33:54  [ qtp1898588555-21:143599 ] - [ DEBUG ]  SELECT * FROM order_table  WHERE order_id=?
    | 1 |
    |---|
    | 1 |
  For example:> "SELECT * FROM order_table  WHERE order_id=1"
2016-02-01 15:34:25  [ qtp1898588555-20:174121 ] - [ DEBUG ]  SELECT * FROM user_table  WHERE user_phone=?
    |           1 |
    |-------------|
    | 12312312319 |
  For example:> "SELECT * FROM user_table  WHERE user_phone='12312312319'"
2016-02-01 15:34:25  [ qtp1898588555-20:174130 ] - [ DEBUG ]  SELECT * FROM address_table  WHERE address_user_id = 5
2016-02-01 15:35:20  [ qtp1898588555-16:229920 ] - [ DEBUG ]  SELECT * FROM user_table  WHERE user_phone=?
    |           1 |
    |-------------|
    | 12312312319 |
  For example:> "SELECT * FROM user_table  WHERE user_phone='12312312319'"
2016-02-01 15:35:20  [ qtp1898588555-16:229926 ] - [ DEBUG ]  SELECT * FROM address_table  WHERE address_user_id = 5
2016-02-01 15:38:20  [ qtp432704103-19:0 ] - [ INFO ]  Nutz is licensed under the Apache License, Version 2.0 .
Report bugs : https://github.com/nutzam/nutz/issues
2016-02-01 15:38:20  [ qtp432704103-19:514 ] - [ DEBUG ]  Using 91 castor for Castors
2016-02-01 15:38:20  [ qtp432704103-19:530 ] - [ INFO ]  Init file-pool by: /Users/wsdevotion/.nutz/tmp/dao/ [200000]
2016-02-01 15:38:20  [ qtp432704103-19:531 ] - [ DEBUG ]  file-pool.home: '/Users/wsdevotion/.nutz/tmp/dao'
2016-02-01 15:38:20  [ qtp432704103-19:532 ] - [ INFO ]  file-pool.cursor: 0
2016-02-01 15:38:20  [ qtp432704103-19:545 ] - [ DEBUG ]  Jdbcs init complete
2016-02-01 15:38:20  [ qtp432704103-19:546 ] - [ INFO ]  Get Connection from DataSource for JdbcExpert
2016-02-01 15:38:20  [ qtp432704103-19:561 ] - [ DEBUG ]  JDBC Driver --> mysql-connector-java-5.1.36 ( Revision: 4fc1f969f740409a4e03750316df2c0e429f3dc8 )
2016-02-01 15:38:20  [ qtp432704103-19:561 ] - [ DEBUG ]  JDBC Name   --> MySQL Connector Java
2016-02-01 15:38:20  [ qtp432704103-19:562 ] - [ DEBUG ]  Database info --> MYSQL:[MySQL - 5.6.26]
2016-02-01 15:38:20  [ qtp432704103-19:659 ] - [ DEBUG ]  SELECT * FROM user_table  WHERE user_phone=?
    |           1 |
    |-------------|
    | 12312312319 |
  For example:> "SELECT * FROM user_table  WHERE user_phone='12312312319'"
2016-02-01 15:38:24  [ qtp432704103-20:4059 ] - [ DEBUG ]  SELECT * FROM user_table  WHERE user_phone=?
    |           1 |
    |-------------|
    | 12312312319 |
  For example:> "SELECT * FROM user_table  WHERE user_phone='12312312319'"
2016-02-01 15:38:24  [ qtp432704103-20:4077 ] - [ DEBUG ]  SELECT * FROM address_table  WHERE address_user_id = 5
2016-02-01 15:38:29  [ qtp432704103-21:9377 ] - [ DEBUG ]  SELECT * FROM user_table  WHERE user_phone=?
    |           1 |
    |-------------|
    | 12312312319 |
  For example:> "SELECT * FROM user_table  WHERE user_phone='12312312319'"
2016-02-01 15:38:29  [ qtp432704103-21:9381 ] - [ DEBUG ]  SELECT * FROM address_table  WHERE address_user_id = 5
2016-02-01 15:40:37  [ qtp432704103-22:137726 ] - [ DEBUG ]  SELECT * FROM user_table  WHERE user_phone=?
    |           1 |
    |-------------|
    | 12312312319 |
  For example:> "SELECT * FROM user_table  WHERE user_phone='12312312319'"
2016-02-01 15:40:37  [ qtp432704103-22:137744 ] - [ DEBUG ]  INSERT INTO address_table(address_phone,address_name,address_local,address_user_id,address_status) VALUES(?,?,?,?,?) 
    |   1 |   2 |         3 | 4 | 5 |
    |-----|-----|-----------|---|---|
    | 123 | wer | asdaassde | 5 | 0 |
  For example:> "INSERT INTO address_table(address_phone,address_name,address_local,address_user_id,address_status) VALUES('123','wer','asdaassde',5,0) "
2016-02-01 15:40:37  [ qtp432704103-22:137749 ] - [ DEBUG ]  SELECT @@IDENTITY
2016-02-01 15:41:04  [ qtp432704103-23:164656 ] - [ DEBUG ]  SELECT * FROM user_table  WHERE user_phone=?
    |           1 |
    |-------------|
    | 12312312319 |
  For example:> "SELECT * FROM user_table  WHERE user_phone='12312312319'"
2016-02-01 15:41:04  [ qtp432704103-23:164661 ] - [ DEBUG ]  INSERT INTO address_table(address_phone,address_name,address_local,address_user_id,address_status) VALUES(?,?,?,?,?) 
    |   1 |   2 |       3 | 4 | 5 |
    |-----|-----|---------|---|---|
    | 123 | wer |  | 5 | 0 |
  For example:> "INSERT INTO address_table(address_phone,address_name,address_local,address_user_id,address_status) VALUES('123','wer','',5,0) "
2016-02-01 15:41:04  [ qtp432704103-23:164664 ] - [ DEBUG ]  SELECT @@IDENTITY
2016-02-01 15:42:29  [ qtp432704103-20:249485 ] - [ DEBUG ]  SELECT * FROM user_table  WHERE user_phone=?
    |           1 |
    |-------------|
    | 12312312319 |
  For example:> "SELECT * FROM user_table  WHERE user_phone='12312312319'"
2016-02-01 15:42:29  [ qtp432704103-20:249505 ] - [ DEBUG ]  SELECT * FROM info_table  WHERE info_user_id=? AND info_status=?
    | 1 | 2 |
    |---|---|
    | 5 | 1 |
  For example:> "SELECT * FROM info_table  WHERE info_user_id=5 AND info_status=1"
2016-02-01 15:42:29  [ qtp432704103-20:249512 ] - [ DEBUG ]  UPDATE FROM info_table SET info_status=0 WHERE info_user_id=5
2016-02-01 15:42:29  [ qtp432704103-20:249524 ] - [ DEBUG ]  SQLException
com.mysql.jdbc.exceptions.jdbc4.MySQLSyntaxErrorException: You have an error in your SQL syntax; check the manual that corresponds to your MySQL server version for the right syntax to use near 'FROM info_table SET info_status=0 WHERE info_user_id=5' at line 1
	at sun.reflect.NativeConstructorAccessorImpl.newInstance0(Native Method)
	at sun.reflect.NativeConstructorAccessorImpl.newInstance(NativeConstructorAccessorImpl.java:62)
	at sun.reflect.DelegatingConstructorAccessorImpl.newInstance(DelegatingConstructorAccessorImpl.java:45)
	at java.lang.reflect.Constructor.newInstance(Constructor.java:422)
	at com.mysql.jdbc.Util.handleNewInstance(Util.java:400)
	at com.mysql.jdbc.Util.getInstance(Util.java:383)
	at com.mysql.jdbc.SQLError.createSQLException(SQLError.java:980)
	at com.mysql.jdbc.MysqlIO.checkErrorPacket(MysqlIO.java:3847)
	at com.mysql.jdbc.MysqlIO.checkErrorPacket(MysqlIO.java:3783)
	at com.mysql.jdbc.MysqlIO.sendCommand(MysqlIO.java:2447)
	at com.mysql.jdbc.MysqlIO.sqlQueryDirect(MysqlIO.java:2594)
	at com.mysql.jdbc.ConnectionImpl.execSQL(ConnectionImpl.java:2545)
	at com.mysql.jdbc.PreparedStatement.executeInternal(PreparedStatement.java:1901)
	at com.mysql.jdbc.PreparedStatement.execute(PreparedStatement.java:1193)
	at org.apache.commons.dbcp.DelegatingPreparedStatement.execute(DelegatingPreparedStatement.java:172)
	at org.apache.commons.dbcp.DelegatingPreparedStatement.execute(DelegatingPreparedStatement.java:172)
	at org.nutz.dao.impl.sql.run.NutDaoExecutor._runPreparedStatement(NutDaoExecutor.java:266)
	at org.nutz.dao.impl.sql.run.NutDaoExecutor.exec(NutDaoExecutor.java:81)
	at org.nutz.dao.impl.DaoSupport$DaoExec.invoke(DaoSupport.java:250)
	at org.nutz.dao.impl.sql.run.NutDaoRunner.run(NutDaoRunner.java:64)
	at org.nutz.dao.impl.DaoSupport._exec(DaoSupport.java:205)
	at org.nutz.dao.impl.DaoSupport.execute(DaoSupport.java:183)
	at dao.InfoDao.updateInfoStatus(InfoDao.java:35)
	at server.UserServer.getInfoByUserPhone(UserServer.java:431)
	at controller.UserController.lambda$main$23(UserController.java:462)
	at controller.UserController$$Lambda$25/818403870.handle(Unknown Source)
	at spark.RouteImpl$1.handle(RouteImpl.java:58)
	at spark.webserver.MatcherFilter.doFilter(MatcherFilter.java:162)
	at spark.webserver.JettyHandler.doHandle(JettyHandler.java:61)
	at org.eclipse.jetty.server.session.SessionHandler.doScope(SessionHandler.java:189)
	at org.eclipse.jetty.server.handler.ScopedHandler.handle(ScopedHandler.java:141)
	at org.eclipse.jetty.server.handler.HandlerWrapper.handle(HandlerWrapper.java:119)
	at org.eclipse.jetty.server.Server.handle(Server.java:517)
	at org.eclipse.jetty.server.HttpChannel.handle(HttpChannel.java:302)
	at org.eclipse.jetty.server.HttpConnection.onFillable(HttpConnection.java:242)
	at org.eclipse.jetty.io.AbstractConnection$ReadCallback.succeeded(AbstractConnection.java:245)
	at org.eclipse.jetty.io.FillInterest.fillable(FillInterest.java:95)
	at org.eclipse.jetty.io.SelectChannelEndPoint$2.run(SelectChannelEndPoint.java:75)
	at org.eclipse.jetty.util.thread.strategy.ExecuteProduceConsume.produceAndRun(ExecuteProduceConsume.java:213)
	at org.eclipse.jetty.util.thread.strategy.ExecuteProduceConsume.run(ExecuteProduceConsume.java:147)
	at org.eclipse.jetty.util.thread.QueuedThreadPool.runJob(QueuedThreadPool.java:654)
	at org.eclipse.jetty.util.thread.QueuedThreadPool$3.run(QueuedThreadPool.java:572)
	at java.lang.Thread.run(Thread.java:745)
2016-02-01 15:42:29  [ qtp432704103-20:249527 ] - [ DEBUG ]  SQL NextException
2016-02-01 15:42:29  [ qtp432704103-20:249528 ] - [ INFO ]  Exception =>>>>>>>>>>org.nutz.dao.DaoException: org.nutz.dao.DaoException: !Nutz SQL Error: 'UPDATE FROM info_table SET info_status=0 WHERE info_user_id=5'
PreparedStatement: 
'UPDATE FROM info_table SET info_status=0 WHERE info_user_id=?'
2016-02-01 15:45:47  [ qtp1048476760-19:0 ] - [ INFO ]  Nutz is licensed under the Apache License, Version 2.0 .
Report bugs : https://github.com/nutzam/nutz/issues
2016-02-01 15:45:48  [ qtp1048476760-19:499 ] - [ DEBUG ]  Using 91 castor for Castors
2016-02-01 15:45:48  [ qtp1048476760-19:508 ] - [ INFO ]  Init file-pool by: /Users/wsdevotion/.nutz/tmp/dao/ [200000]
2016-02-01 15:45:48  [ qtp1048476760-19:508 ] - [ DEBUG ]  file-pool.home: '/Users/wsdevotion/.nutz/tmp/dao'
2016-02-01 15:45:48  [ qtp1048476760-19:511 ] - [ INFO ]  file-pool.cursor: 0
2016-02-01 15:45:48  [ qtp1048476760-19:518 ] - [ DEBUG ]  Jdbcs init complete
2016-02-01 15:45:48  [ qtp1048476760-19:518 ] - [ INFO ]  Get Connection from DataSource for JdbcExpert
2016-02-01 15:45:48  [ qtp1048476760-19:528 ] - [ DEBUG ]  JDBC Driver --> mysql-connector-java-5.1.36 ( Revision: 4fc1f969f740409a4e03750316df2c0e429f3dc8 )
2016-02-01 15:45:48  [ qtp1048476760-19:529 ] - [ DEBUG ]  JDBC Name   --> MySQL Connector Java
2016-02-01 15:45:48  [ qtp1048476760-19:531 ] - [ DEBUG ]  Database info --> MYSQL:[MySQL - 5.6.26]
2016-02-01 15:45:48  [ qtp1048476760-19:603 ] - [ DEBUG ]  SELECT * FROM user_table  WHERE user_phone=?
    |           1 |
    |-------------|
    | 12312312319 |
  For example:> "SELECT * FROM user_table  WHERE user_phone='12312312319'"
2016-02-01 15:45:54  [ qtp1048476760-20:6886 ] - [ DEBUG ]  SELECT * FROM user_table  WHERE user_phone=?
    |           1 |
    |-------------|
    | 12312312319 |
  For example:> "SELECT * FROM user_table  WHERE user_phone='12312312319'"
2016-02-01 15:45:54  [ qtp1048476760-20:6908 ] - [ DEBUG ]  SELECT * FROM info_table  WHERE info_user_id=? AND info_status=?
    | 1 | 2 |
    |---|---|
    | 5 | 1 |
  For example:> "SELECT * FROM info_table  WHERE info_user_id=5 AND info_status=1"
2016-02-01 15:45:54  [ qtp1048476760-20:6916 ] - [ DEBUG ]  UPDATE FROM info_table SET info_status=0 WHERE info_user_id=5;
2016-02-01 15:45:54  [ qtp1048476760-20:6929 ] - [ DEBUG ]  SQLException
com.mysql.jdbc.exceptions.jdbc4.MySQLSyntaxErrorException: You have an error in your SQL syntax; check the manual that corresponds to your MySQL server version for the right syntax to use near 'FROM info_table SET info_status=0 WHERE info_user_id=5' at line 1
	at sun.reflect.NativeConstructorAccessorImpl.newInstance0(Native Method)
	at sun.reflect.NativeConstructorAccessorImpl.newInstance(NativeConstructorAccessorImpl.java:62)
	at sun.reflect.DelegatingConstructorAccessorImpl.newInstance(DelegatingConstructorAccessorImpl.java:45)
	at java.lang.reflect.Constructor.newInstance(Constructor.java:422)
	at com.mysql.jdbc.Util.handleNewInstance(Util.java:400)
	at com.mysql.jdbc.Util.getInstance(Util.java:383)
	at com.mysql.jdbc.SQLError.createSQLException(SQLError.java:980)
	at com.mysql.jdbc.MysqlIO.checkErrorPacket(MysqlIO.java:3847)
	at com.mysql.jdbc.MysqlIO.checkErrorPacket(MysqlIO.java:3783)
	at com.mysql.jdbc.MysqlIO.sendCommand(MysqlIO.java:2447)
	at com.mysql.jdbc.MysqlIO.sqlQueryDirect(MysqlIO.java:2594)
	at com.mysql.jdbc.ConnectionImpl.execSQL(ConnectionImpl.java:2545)
	at com.mysql.jdbc.PreparedStatement.executeInternal(PreparedStatement.java:1901)
	at com.mysql.jdbc.PreparedStatement.execute(PreparedStatement.java:1193)
	at org.apache.commons.dbcp.DelegatingPreparedStatement.execute(DelegatingPreparedStatement.java:172)
	at org.apache.commons.dbcp.DelegatingPreparedStatement.execute(DelegatingPreparedStatement.java:172)
	at org.nutz.dao.impl.sql.run.NutDaoExecutor._runPreparedStatement(NutDaoExecutor.java:266)
	at org.nutz.dao.impl.sql.run.NutDaoExecutor.exec(NutDaoExecutor.java:81)
	at org.nutz.dao.impl.DaoSupport$DaoExec.invoke(DaoSupport.java:250)
	at org.nutz.dao.impl.sql.run.NutDaoRunner.run(NutDaoRunner.java:64)
	at org.nutz.dao.impl.DaoSupport._exec(DaoSupport.java:205)
	at org.nutz.dao.impl.DaoSupport.execute(DaoSupport.java:183)
	at dao.InfoDao.updateInfoStatus(InfoDao.java:35)
	at server.UserServer.getInfoByUserPhone(UserServer.java:431)
	at controller.UserController.lambda$main$23(UserController.java:462)
	at controller.UserController$$Lambda$25/818403870.handle(Unknown Source)
	at spark.RouteImpl$1.handle(RouteImpl.java:58)
	at spark.webserver.MatcherFilter.doFilter(MatcherFilter.java:162)
	at spark.webserver.JettyHandler.doHandle(JettyHandler.java:61)
	at org.eclipse.jetty.server.session.SessionHandler.doScope(SessionHandler.java:189)
	at org.eclipse.jetty.server.handler.ScopedHandler.handle(ScopedHandler.java:141)
	at org.eclipse.jetty.server.handler.HandlerWrapper.handle(HandlerWrapper.java:119)
	at org.eclipse.jetty.server.Server.handle(Server.java:517)
	at org.eclipse.jetty.server.HttpChannel.handle(HttpChannel.java:302)
	at org.eclipse.jetty.server.HttpConnection.onFillable(HttpConnection.java:242)
	at org.eclipse.jetty.io.AbstractConnection$ReadCallback.succeeded(AbstractConnection.java:245)
	at org.eclipse.jetty.io.FillInterest.fillable(FillInterest.java:95)
	at org.eclipse.jetty.io.SelectChannelEndPoint$2.run(SelectChannelEndPoint.java:75)
	at org.eclipse.jetty.util.thread.strategy.ExecuteProduceConsume.produceAndRun(ExecuteProduceConsume.java:213)
	at org.eclipse.jetty.util.thread.strategy.ExecuteProduceConsume.run(ExecuteProduceConsume.java:147)
	at org.eclipse.jetty.util.thread.QueuedThreadPool.runJob(QueuedThreadPool.java:654)
	at org.eclipse.jetty.util.thread.QueuedThreadPool$3.run(QueuedThreadPool.java:572)
	at java.lang.Thread.run(Thread.java:745)
2016-02-01 15:45:54  [ qtp1048476760-20:6931 ] - [ DEBUG ]  SQL NextException
2016-02-01 15:45:54  [ qtp1048476760-20:6934 ] - [ INFO ]  Exception =>>>>>>>>>>org.nutz.dao.DaoException: org.nutz.dao.DaoException: !Nutz SQL Error: 'UPDATE FROM info_table SET info_status=0 WHERE info_user_id=5;'
PreparedStatement: 
'UPDATE FROM info_table SET info_status=0 WHERE info_user_id=?;'
2016-02-01 15:47:51  [ qtp1948206972-19:0 ] - [ INFO ]  Nutz is licensed under the Apache License, Version 2.0 .
Report bugs : https://github.com/nutzam/nutz/issues
2016-02-01 15:47:51  [ qtp1948206972-19:502 ] - [ DEBUG ]  Using 91 castor for Castors
2016-02-01 15:47:51  [ qtp1948206972-19:514 ] - [ INFO ]  Init file-pool by: /Users/wsdevotion/.nutz/tmp/dao/ [200000]
2016-02-01 15:47:51  [ qtp1948206972-19:515 ] - [ DEBUG ]  file-pool.home: '/Users/wsdevotion/.nutz/tmp/dao'
2016-02-01 15:47:51  [ qtp1948206972-19:516 ] - [ INFO ]  file-pool.cursor: 0
2016-02-01 15:47:51  [ qtp1948206972-19:528 ] - [ DEBUG ]  Jdbcs init complete
2016-02-01 15:47:51  [ qtp1948206972-19:529 ] - [ INFO ]  Get Connection from DataSource for JdbcExpert
2016-02-01 15:47:51  [ qtp1948206972-19:548 ] - [ DEBUG ]  JDBC Driver --> mysql-connector-java-5.1.36 ( Revision: 4fc1f969f740409a4e03750316df2c0e429f3dc8 )
2016-02-01 15:47:51  [ qtp1948206972-19:548 ] - [ DEBUG ]  JDBC Name   --> MySQL Connector Java
2016-02-01 15:47:51  [ qtp1948206972-19:550 ] - [ DEBUG ]  Database info --> MYSQL:[MySQL - 5.6.26]
2016-02-01 15:47:51  [ qtp1948206972-19:648 ] - [ DEBUG ]  SELECT * FROM user_table  WHERE user_phone=?
    |           1 |
    |-------------|
    | 12312312319 |
  For example:> "SELECT * FROM user_table  WHERE user_phone='12312312319'"
2016-02-01 15:47:54  [ qtp1948206972-20:3144 ] - [ DEBUG ]  SELECT * FROM user_table  WHERE user_phone=?
    |           1 |
    |-------------|
    | 12312312319 |
  For example:> "SELECT * FROM user_table  WHERE user_phone='12312312319'"
2016-02-01 15:47:54  [ qtp1948206972-20:3168 ] - [ DEBUG ]  SELECT * FROM info_table  WHERE info_user_id=? AND info_status=?
    | 1 | 2 |
    |---|---|
    | 5 | 1 |
  For example:> "SELECT * FROM info_table  WHERE info_user_id=5 AND info_status=1"
2016-02-01 15:47:54  [ qtp1948206972-20:3178 ] - [ DEBUG ]  UPDATE info_table SET info_status=?   WHERE info_user_id=?
    | 1 | 2 |
    |---|---|
    | 0 | 5 |
  For example:> "UPDATE info_table SET info_status=0   WHERE info_user_id=5"
2016-02-01 15:48:04  [ qtp1948206972-21:13541 ] - [ DEBUG ]  SELECT * FROM user_table  WHERE user_phone=?
    |           1 |
    |-------------|
    | 12312312319 |
  For example:> "SELECT * FROM user_table  WHERE user_phone='12312312319'"
2016-02-01 15:48:04  [ qtp1948206972-21:13545 ] - [ DEBUG ]  SELECT * FROM info_table  WHERE info_user_id=? AND info_status=?
    | 1 | 2 |
    |---|---|
    | 5 | 1 |
  For example:> "SELECT * FROM info_table  WHERE info_user_id=5 AND info_status=1"
2016-02-01 15:48:04  [ qtp1948206972-21:13549 ] - [ DEBUG ]  UPDATE info_table SET info_status=?   WHERE info_user_id=?
    | 1 | 2 |
    |---|---|
    | 0 | 5 |
  For example:> "UPDATE info_table SET info_status=0   WHERE info_user_id=5"
2016-02-01 15:48:05  [ qtp1948206972-22:14135 ] - [ DEBUG ]  SELECT * FROM user_table  WHERE user_phone=?
    |           1 |
    |-------------|
    | 12312312319 |
  For example:> "SELECT * FROM user_table  WHERE user_phone='12312312319'"
2016-02-01 15:48:05  [ qtp1948206972-22:14140 ] - [ DEBUG ]  SELECT * FROM info_table  WHERE info_user_id=? AND info_status=?
    | 1 | 2 |
    |---|---|
    | 5 | 1 |
  For example:> "SELECT * FROM info_table  WHERE info_user_id=5 AND info_status=1"
2016-02-01 15:48:05  [ qtp1948206972-22:14145 ] - [ DEBUG ]  UPDATE info_table SET info_status=?   WHERE info_user_id=?
    | 1 | 2 |
    |---|---|
    | 0 | 5 |
  For example:> "UPDATE info_table SET info_status=0   WHERE info_user_id=5"
2016-02-01 15:48:05  [ qtp1948206972-23:14653 ] - [ DEBUG ]  SELECT * FROM user_table  WHERE user_phone=?
    |           1 |
    |-------------|
    | 12312312319 |
  For example:> "SELECT * FROM user_table  WHERE user_phone='12312312319'"
2016-02-01 15:48:05  [ qtp1948206972-23:14657 ] - [ DEBUG ]  SELECT * FROM info_table  WHERE info_user_id=? AND info_status=?
    | 1 | 2 |
    |---|---|
    | 5 | 1 |
  For example:> "SELECT * FROM info_table  WHERE info_user_id=5 AND info_status=1"
2016-02-01 15:48:05  [ qtp1948206972-23:14659 ] - [ DEBUG ]  UPDATE info_table SET info_status=?   WHERE info_user_id=?
    | 1 | 2 |
    |---|---|
    | 0 | 5 |
  For example:> "UPDATE info_table SET info_status=0   WHERE info_user_id=5"
